Flow report for bemicro_m10_nios2_top
Fri Sep 16 14:18:47 2016
Quartus Prime Version 16.0.0 Build 211 04/27/2016 SJ Lite Edition


---------------------
; Table of Contents ;
---------------------
  1. Legal Notice
  2. Flow Summary
  3. Flow Settings
  4. Flow Non-Default Global Settings
  5. Flow Elapsed Time
  6. Flow OS Summary
  7. Flow Log
  8. Flow Messages
  9. Flow Suppressed Messages



----------------
; Legal Notice ;
----------------
Copyright (C) 1991-2016 Altera Corporation. All rights reserved.
Your use of Altera Corporation's design tools, logic functions 
and other software and tools, and its AMPP partner logic 
functions, and any output files from any of the foregoing 
(including device programming or simulation files), and any 
associated documentation or information are expressly subject 
to the terms and conditions of the Altera Program License 
Subscription Agreement, the Altera Quartus Prime License Agreement,
the Altera MegaCore Function License Agreement, or other 
applicable license agreement, including, without limitation, 
that your use is for the sole purpose of programming logic 
devices manufactured by Altera and sold by Altera or its 
authorized distributors.  Please refer to the applicable 
agreement for further details.



+----------------------------------------------------------------------------------+
; Flow Summary                                                                     ;
+------------------------------------+---------------------------------------------+
; Flow Status                        ; Successful - Fri Sep 16 14:18:47 2016       ;
; Quartus Prime Version              ; 16.0.0 Build 211 04/27/2016 SJ Lite Edition ;
; Revision Name                      ; bemicro_m10_nios2_top                       ;
; Top-level Entity Name              ; bemicro_m10_nios2_top                       ;
; Family                             ; MAX 10                                      ;
; Device                             ; 10M08DAF484C8GES                            ;
; Timing Models                      ; Preliminary                                 ;
; Total logic elements               ; 4,732 / 8,064 ( 59 % )                      ;
;     Total combinational functions  ; 4,260 / 8,064 ( 53 % )                      ;
;     Dedicated logic registers      ; 2,745 / 8,064 ( 34 % )                      ;
; Total registers                    ; 2813                                        ;
; Total pins                         ; 70 / 250 ( 28 % )                           ;
; Total virtual pins                 ; 0                                           ;
; Total memory bits                  ; 145,240 / 387,072 ( 38 % )                  ;
; Embedded Multiplier 9-bit elements ; 0 / 48 ( 0 % )                              ;
; Total PLLs                         ; 2 / 2 ( 100 % )                             ;
; UFM blocks                         ; 1 / 1 ( 100 % )                             ;
; ADC blocks                         ; 1 / 1 ( 100 % )                             ;
+------------------------------------+---------------------------------------------+


+-------------------------------------------+
; Flow Settings                             ;
+-------------------+-----------------------+
; Option            ; Setting               ;
+-------------------+-----------------------+
; Start date & time ; 09/16/2016 14:17:00   ;
; Main task         ; Compilation           ;
; Revision Name     ; bemicro_m10_nios2_top ;
+-------------------+-----------------------+


+----------------------------------------------------------------------------------------------------------------------------------------------------------------------+
; Flow Non-Default Global Settings                                                                                                                                     ;
+-------------------------------------+------------------------------------------------------------------------+---------------+----------------------+----------------+
; Assignment Name                     ; Value                                                                  ; Default Value ; Entity Name          ; Section Id     ;
+-------------------------------------+------------------------------------------------------------------------+---------------+----------------------+----------------+
; COMPILER_SIGNATURE_ID               ; 238170549532989.147405701915272                                        ; --            ; --                   ; --             ;
; EDA_OUTPUT_DATA_FORMAT              ; Verilog Hdl                                                            ; --            ; --                   ; eda_simulation ;
; EDA_SIMULATION_TOOL                 ; ModelSim-Altera (Verilog)                                              ; <None>        ; --                   ; --             ;
; EDA_TIME_SCALE                      ; 1 ps                                                                   ; --            ; --                   ; eda_simulation ;
; FITTER_EFFORT                       ; Standard Fit                                                           ; Auto Fit      ; --                   ; --             ;
; IOBANK_VCCIO                        ; 3.3V                                                                   ; --            ; --                   ; 7              ;
; IOBANK_VCCIO                        ; 3.3V                                                                   ; --            ; --                   ; 8              ;
; MAX_CORE_JUNCTION_TEMP              ; 85                                                                     ; --            ; --                   ; --             ;
; MESSAGE_DISABLE                     ; 332060                                                                 ; --            ; altera_onchip_flash  ; --             ;
; MIN_CORE_JUNCTION_TEMP              ; 0                                                                      ; --            ; --                   ; --             ;
; MISC_FILE                           ; nios2_bemicro_system/synthesis/../nios2_bemicro_system.cmp             ; --            ; --                   ; --             ;
; MISC_FILE                           ; nios2_bemicro_system/synthesis/../../nios2_bemicro_system.qsys         ; --            ; --                   ; --             ;
; OUTPUT_IO_TIMING_FAR_END_VMEAS      ; Half Signal Swing                                                      ; --            ; --                   ; --             ;
; OUTPUT_IO_TIMING_FAR_END_VMEAS      ; Half Signal Swing                                                      ; --            ; --                   ; --             ;
; OUTPUT_IO_TIMING_NEAR_END_VMEAS     ; Half Vccio                                                             ; --            ; --                   ; --             ;
; OUTPUT_IO_TIMING_NEAR_END_VMEAS     ; Half Vccio                                                             ; --            ; --                   ; --             ;
; PARTITION_COLOR                     ; 16764057                                                               ; --            ; --                   ; Top            ;
; PARTITION_FITTER_PRESERVATION_LEVEL ; PLACEMENT_AND_ROUTING                                                  ; --            ; --                   ; Top            ;
; PARTITION_NETLIST_TYPE              ; SOURCE                                                                 ; --            ; --                   ; Top            ;
; POWER_BOARD_THERMAL_MODEL           ; None (CONSERVATIVE)                                                    ; --            ; --                   ; --             ;
; POWER_PRESET_COOLING_SOLUTION       ; 23 MM HEAT SINK WITH 200 LFPM AIRFLOW                                  ; --            ; --                   ; --             ;
; PROJECT_OUTPUT_DIRECTORY            ; output_files                                                           ; --            ; --                   ; --             ;
; SLD_FILE                            ; nios2_bemicro_system/synthesis/nios2_bemicro_system.regmap             ; --            ; --                   ; --             ;
; SLD_FILE                            ; nios2_bemicro_system/synthesis/nios2_bemicro_system.debuginfo          ; --            ; --                   ; --             ;
; SLD_INFO                            ; QSYS_NAME nios2_bemicro_system HAS_SOPCINFO 1 GENERATION_ID 1474056799 ; --            ; nios2_bemicro_system ; --             ;
; SOPCINFO_FILE                       ; nios2_bemicro_system/synthesis/../../nios2_bemicro_system.sopcinfo     ; --            ; --                   ; --             ;
; SYNTHESIS_ONLY_QIP                  ; On                                                                     ; --            ; --                   ; --             ;
+-------------------------------------+------------------------------------------------------------------------+---------------+----------------------+----------------+


+-------------------------------------------------------------------------------------------------------------------------------+
; Flow Elapsed Time                                                                                                             ;
+---------------------------+--------------+-------------------------+---------------------+------------------------------------+
; Module Name               ; Elapsed Time ; Average Processors Used ; Peak Virtual Memory ; Total CPU Time (on all processors) ;
+---------------------------+--------------+-------------------------+---------------------+------------------------------------+
; Analysis & Synthesis      ; 00:00:50     ; 1.0                     ; 1085 MB             ; 00:01:12                           ;
; Fitter                    ; 00:00:35     ; 1.4                     ; 1662 MB             ; 00:00:56                           ;
; Assembler                 ; 00:00:02     ; 1.0                     ; 766 MB              ; 00:00:02                           ;
; TimeQuest Timing Analyzer ; 00:00:07     ; 1.8                     ; 935 MB              ; 00:00:10                           ;
; EDA Netlist Writer        ; 00:00:04     ; 1.0                     ; 804 MB              ; 00:00:03                           ;
; Total                     ; 00:01:38     ; --                      ; --                  ; 00:02:23                           ;
+---------------------------+--------------+-------------------------+---------------------+------------------------------------+


+----------------------------------------------------------------------------------------+
; Flow OS Summary                                                                        ;
+---------------------------+------------------+-----------+------------+----------------+
; Module Name               ; Machine Hostname ; OS Name   ; OS Version ; Processor type ;
+---------------------------+------------------+-----------+------------+----------------+
; Analysis & Synthesis      ; ENS12183         ; Windows 7 ; 6.1        ; x86_64         ;
; Fitter                    ; ENS12183         ; Windows 7 ; 6.1        ; x86_64         ;
; Assembler                 ; ENS12183         ; Windows 7 ; 6.1        ; x86_64         ;
; TimeQuest Timing Analyzer ; ENS12183         ; Windows 7 ; 6.1        ; x86_64         ;
; EDA Netlist Writer        ; ENS12183         ; Windows 7 ; 6.1        ; x86_64         ;
+---------------------------+------------------+-----------+------------+----------------+


------------
; Flow Log ;
------------
quartus_map --read_settings_files=on --write_settings_files=off bemicro_m10_nios2 -c bemicro_m10_nios2_top
quartus_fit --read_settings_files=off --write_settings_files=off bemicro_m10_nios2 -c bemicro_m10_nios2_top
quartus_asm --read_settings_files=off --write_settings_files=off bemicro_m10_nios2 -c bemicro_m10_nios2_top
quartus_sta bemicro_m10_nios2 -c bemicro_m10_nios2_top
quartus_eda --read_settings_files=off --write_settings_files=off bemicro_m10_nios2 -c bemicro_m10_nios2_top



